Removed Pin From Net: NetName=GND Pin=C1-2
Removed Pin From Net: NetName=GND Pin=C2-2
Removed Pin From Net: NetName=GND Pin=C3-1
Removed Pin From Net: NetName=GND Pin=C4-1
Removed Pin From Net: NetName=GND Pin=C5-1
Removed Pin From Net: NetName=GND Pin=C6-1
Removed Pin From Net: NetName=GND Pin=C7-2
Removed Pin From Net: NetName=GND Pin=C8-2
Removed Pin From Net: NetName=GND Pin=C10-2
Removed Pin From Net: NetName=GND Pin=C11-2
Removed Pin From Net: NetName=GND Pin=C12-2
Removed Pin From Net: NetName=GND Pin=C16-1
Removed Pin From Net: NetName=GND Pin=C17-1
Removed Pin From Net: NetName=GND Pin=C32-2
Removed Pin From Net: NetName=GND Pin=C33-2
Removed Pin From Net: NetName=GND Pin=C34-2
Removed Pin From Net: NetName=GND Pin=C35-2
Removed Pin From Net: NetName=GND Pin=C36-2
Removed Pin From Net: NetName=GND Pin=C37-2
Removed Pin From Net: NetName=GND Pin=C38-2
Removed Pin From Net: NetName=GND Pin=C39-1
Removed Pin From Net: NetName=GND Pin=C44-1
Removed Pin From Net: NetName=GND Pin=C45-1
Removed Pin From Net: NetName=GND Pin=D2-1
Removed Pin From Net: NetName=GND Pin=D3-1
Removed Pin From Net: NetName=GND Pin=D4-1
Removed Pin From Net: NetName=GND Pin=D5-1
Removed Pin From Net: NetName=GND Pin=D6-1
Removed Pin From Net: NetName=GND Pin=D7-1
Removed Pin From Net: NetName=GND Pin=D10-2
Removed Pin From Net: NetName=GND Pin=D11-2
Removed Pin From Net: NetName=GND Pin=D14-1
Removed Pin From Net: NetName=GND Pin=J1-2
Removed Pin From Net: NetName=GND Pin=P5-4
Removed Pin From Net: NetName=GND Pin=Q1-3
Removed Pin From Net: NetName=GND Pin=Q2-3
Removed Pin From Net: NetName=GND Pin=R2-1
Removed Pin From Net: NetName=GND Pin=R3-2
Removed Pin From Net: NetName=GND Pin=R9-1
Removed Pin From Net: NetName=GND Pin=R19-2
Removed Pin From Net: NetName=GND Pin=R20-2
Removed Pin From Net: NetName=GND Pin=R21-2
Removed Pin From Net: NetName=GND Pin=R22-2
Removed Pin From Net: NetName=GND Pin=R27-1
Removed Pin From Net: NetName=GND Pin=R28-1
Removed Pin From Net: NetName=GND Pin=R34-1
Removed Pin From Net: NetName=GND Pin=TP1-1
Removed Pin From Net: NetName=GND Pin=U1-1
Removed Pin From Net: NetName=GND Pin=U2-1
Removed Pin From Net: NetName=GND Pin=U3-3
Removed Pin From Net: NetName=GND Pin=U3-6
Removed Pin From Net: NetName=GND Pin=U5-1
Removed Pin From Net: NetName=GND Pin=U6-1
Removed Pin From Net: NetName=GND Pin=U7-1
Removed Pin From Net: NetName=GND Pin=U8-1
Removed Pin From Net: NetName=GND Pin=U9-3
Removed Pin From Net: NetName=GND Pin=U10-3
Removed Pin From Net: NetName=GND Pin=Y1-2
Removed Pin From Net: NetName=GND Pin=Y1-4
Change Component Designator: OldDesignator=C32 NewDesignator=C30
Change Component Designator: OldDesignator=C33 NewDesignator=C31
Change Component Designator: OldDesignator=C34 NewDesignator=C28
Change Component Designator: OldDesignator=C35 NewDesignator=C29
Change Component Designator: OldDesignator=C36 NewDesignator=C32
Change Component Designator: OldDesignator=C37 NewDesignator=C33
Change Component Designator: OldDesignator=C38 NewDesignator=C34
Change Component Designator: OldDesignator=C39 NewDesignator=C35
Change Component Designator: OldDesignator=C40 NewDesignator=C36
Change Component Designator: OldDesignator=C41 NewDesignator=C37
Change Component Designator: OldDesignator=C42 NewDesignator=C38
Change Component Designator: OldDesignator=C43 NewDesignator=C39
Change Component Designator: OldDesignator=C44 NewDesignator=C40
Change Component Designator: OldDesignator=C45 NewDesignator=C41
Added Component: Designator=NT1(NETTIE_2_0mm)
Added Component: Designator=NT2(NETTIE_0_5mm)
Added Component: Designator=NT3(NETTIE_2_0mm)
Added Component: Designator=NT4(NETTIE_0_5mm)
Added Pin To Net: NetName=GND Pin=NT1-2
Change Net Name : Old Net Name=GND New Net Name=DGND
Change Net Name : Old Net Name=NetC36_1 New Net Name=NetC32_1
Change Net Name : Old Net Name=NetC37_1 New Net Name=NetC33_1
Change Net Name : Old Net Name=NetC38_1 New Net Name=NetC34_1
Added Pin To Net: NetName=AGND Pin=C34-2
Added Pin To Net: NetName=AGND Pin=C35-1
Added Pin To Net: NetName=AGND Pin=D14-1
Added Pin To Net: NetName=AGND Pin=NT2-2
Added Pin To Net: NetName=AGND Pin=R34-1
Added Net: Name=AGND
Added Pin To Net: NetName=CRY_GND Pin=C16-1
Added Pin To Net: NetName=CRY_GND Pin=C17-1
Added Pin To Net: NetName=CRY_GND Pin=NT4-2
Added Pin To Net: NetName=CRY_GND Pin=Y1-2
Added Pin To Net: NetName=CRY_GND Pin=Y1-4
Added Net: Name=CRY_GND
Added Pin To Net: NetName=GND Pin=C1-2
Added Pin To Net: NetName=GND Pin=C2-2
Added Pin To Net: NetName=GND Pin=C3-1
Added Pin To Net: NetName=GND Pin=C4-1
Added Pin To Net: NetName=GND Pin=C5-1
Added Pin To Net: NetName=GND Pin=C6-1
Added Pin To Net: NetName=GND Pin=C7-2
Added Pin To Net: NetName=GND Pin=C8-2
Added Pin To Net: NetName=GND Pin=C10-2
Added Pin To Net: NetName=GND Pin=C11-2
Added Pin To Net: NetName=GND Pin=C12-2
Added Pin To Net: NetName=GND Pin=C40-1
Added Pin To Net: NetName=GND Pin=C41-1
Added Pin To Net: NetName=GND Pin=D2-1
Added Pin To Net: NetName=GND Pin=D3-1
Added Pin To Net: NetName=GND Pin=D4-1
Added Pin To Net: NetName=GND Pin=D5-1
Added Pin To Net: NetName=GND Pin=D6-1
Added Pin To Net: NetName=GND Pin=D7-1
Added Pin To Net: NetName=GND Pin=J1-2
Added Pin To Net: NetName=GND Pin=NT1-1
Added Pin To Net: NetName=GND Pin=NT2-1
Added Pin To Net: NetName=GND Pin=NT3-1
Added Pin To Net: NetName=GND Pin=NT4-1
Added Pin To Net: NetName=GND Pin=P5-4
Added Pin To Net: NetName=GND Pin=R2-1
Added Pin To Net: NetName=GND Pin=R3-2
Added Pin To Net: NetName=GND Pin=R9-1
Added Pin To Net: NetName=GND Pin=TP1-1
Added Pin To Net: NetName=GND Pin=U1-1
Added Pin To Net: NetName=GND Pin=U2-1
Added Pin To Net: NetName=GND Pin=U3-3
Added Pin To Net: NetName=GND Pin=U3-6
Added Net: Name=GND
Added Pin To Net: NetName=MO_GND Pin=C28-2
Added Pin To Net: NetName=MO_GND Pin=C29-2
Added Pin To Net: NetName=MO_GND Pin=C30-2
Added Pin To Net: NetName=MO_GND Pin=C31-2
Added Pin To Net: NetName=MO_GND Pin=C32-2
Added Pin To Net: NetName=MO_GND Pin=C33-2
Added Pin To Net: NetName=MO_GND Pin=D10-2
Added Pin To Net: NetName=MO_GND Pin=D11-2
Added Pin To Net: NetName=MO_GND Pin=NT3-2
Added Pin To Net: NetName=MO_GND Pin=Q1-3
Added Pin To Net: NetName=MO_GND Pin=Q2-3
Added Pin To Net: NetName=MO_GND Pin=R19-2
Added Pin To Net: NetName=MO_GND Pin=R20-2
Added Pin To Net: NetName=MO_GND Pin=R21-2
Added Pin To Net: NetName=MO_GND Pin=R22-2
Added Pin To Net: NetName=MO_GND Pin=R27-1
Added Pin To Net: NetName=MO_GND Pin=R28-1
Added Pin To Net: NetName=MO_GND Pin=U5-1
Added Pin To Net: NetName=MO_GND Pin=U6-1
Added Pin To Net: NetName=MO_GND Pin=U7-1
Added Pin To Net: NetName=MO_GND Pin=U8-1
Added Pin To Net: NetName=MO_GND Pin=U9-3
Added Pin To Net: NetName=MO_GND Pin=U10-3
Added Net: Name=MO_GND
Added Member To Class: ClassName=SelfDrivingCar_SCH_STM32F103C8T6 Member=Component C20 100 nF, 16 VDC
Added Member To Class: ClassName=SelfDrivingCar_SCH_STM32F103C8T6 Member=Component C26 10 nF, 50 VDC
Added Member To Class: ClassName=SelfDrivingCar_SCH_Others Member=Component NT1 NT
Added Member To Class: ClassName=SelfDrivingCar_SCH_Others Member=Component NT2 NT
Added Member To Class: ClassName=SelfDrivingCar_SCH_Others Member=Component NT3 NT
Added Member To Class: ClassName=SelfDrivingCar_SCH_Others Member=Component NT4 NT
