Removed Pin From Net: NetName=+3.3 Pin=C18-2
Removed Pin From Net: NetName=+3.3 Pin=C19-2
Removed Pin From Net: NetName=+3.3 Pin=C20-2
Removed Pin From Net: NetName=+3.3 Pin=C21-2
Removed Pin From Net: NetName=+3.3 Pin=C22-2
Removed Pin From Net: NetName=+3.3 Pin=C23-2
Removed Pin From Net: NetName=+3.3 Pin=C24-2
Removed Pin From Net: NetName=+3.3 Pin=C25-2
Removed Member From Class: ClassName=SelfDrivingCar_SCH_BatteryReport Member=C4
Removed Member From Class: ClassName=SelfDrivingCar_SCH_Others Member=C4
Removed Member From Class: ClassName=SelfDrivingCar_SCH_BatteryReport Member=C6
Removed Member From Class: ClassName=SelfDrivingCar_SCH_MotorDriver Member=C6
Removed Member From Class: ClassName=SelfDrivingCar_SCH_Others Member=C6
Removed Member From Class: ClassName=SelfDrivingCar_SCH_STM32F103C8T6 Member=C6
Removed Member From Class: ClassName=SelfDrivingCar_SCH_PowerBoard Member=C33
Removed Member From Class: ClassName=SelfDrivingCar_SCH_STM32F103C8T6 Member=C33
Removed Member From Class: ClassName=SelfDrivingCar_SCH_STM32F103C8T6 Member=P5
Added Pin To Net: NetName=3V3_STM Pin=C18-2
Added Pin To Net: NetName=3V3_STM Pin=C19-2
Added Pin To Net: NetName=3V3_STM Pin=C20-2
Added Pin To Net: NetName=3V3_STM Pin=C21-2
Added Pin To Net: NetName=3V3_STM Pin=C22-2
Added Pin To Net: NetName=3V3_STM Pin=C23-2
Added Pin To Net: NetName=3V3_STM Pin=C24-2
Added Pin To Net: NetName=3V3_STM Pin=C25-2
Added Member To Class: ClassName=SelfDrivingCar_SCH_PowerBoard Member=Component C4 1 uF, 16 VDC
Added Member To Class: ClassName=SelfDrivingCar_SCH_PowerBoard Member=Component C5 10 µF, 16 V
Added Member To Class: ClassName=SelfDrivingCar_SCH_PowerBoard Member=Component C7 47uF, 50V
Added Member To Class: ClassName=SelfDrivingCar_SCH_PowerBoard Member=Component C8 1uF, 16V
Added Member To Class: ClassName=SelfDrivingCar_SCH_PowerBoard Member=Component C9 100nF
Added Member To Class: ClassName=SelfDrivingCar_SCH_PowerBoard Member=Component C10 470uF
Added Member To Class: ClassName=SelfDrivingCar_SCH_PowerBoard Member=Component C11 470uF
Added Member To Class: ClassName=SelfDrivingCar_SCH_PowerBoard Member=Component C12 100nF
Added Member To Class: ClassName=SelfDrivingCar_SCH_STM32F103C8T6 Member=Component C13 10 uF, 16 VDC
Added Member To Class: ClassName=SelfDrivingCar_SCH_STM32F103C8T6 Member=Component C14 100 nF, 16 VDC
Added Member To Class: ClassName=SelfDrivingCar_SCH_STM32F103C8T6 Member=Component C15 100 nF, 16 VDC
Added Member To Class: ClassName=SelfDrivingCar_SCH_STM32F103C8T6 Member=Component C16 22 pF, 50 VDC
Added Member To Class: ClassName=SelfDrivingCar_SCH_STM32F103C8T6 Member=Component C17 22 pF, 50 VDC
Added Member To Class: ClassName=SelfDrivingCar_SCH_STM32F103C8T6 Member=Component C18 4.7 uF, 10 VDC
Added Member To Class: ClassName=SelfDrivingCar_SCH_STM32F103C8T6 Member=Component C19 100 nF, 16 VDC
Added Member To Class: ClassName=SelfDrivingCar_SCH_STM32F103C8T6 Member=Component C20 100 nF, 16 VDC
Added Member To Class: ClassName=SelfDrivingCar_SCH_STM32F103C8T6 Member=Component C21 100 nF, 16 VDC
Added Member To Class: ClassName=SelfDrivingCar_SCH_STM32F103C8T6 Member=Component C22 100 nF, 16 VDC
Added Member To Class: ClassName=SelfDrivingCar_SCH_STM32F103C8T6 Member=Component C23 100 nF, 16 VDC
Added Member To Class: ClassName=SelfDrivingCar_SCH_STM32F103C8T6 Member=Component C24 10 nF, 50 VDC
Added Member To Class: ClassName=SelfDrivingCar_SCH_STM32F103C8T6 Member=Component C25 1 uF, 16 VDC
Added Member To Class: ClassName=SelfDrivingCar_SCH_MotorDriver Member=Component C26 470 nF, 50 VDC
Added Member To Class: ClassName=SelfDrivingCar_SCH_MotorDriver Member=Component C27 470 nF, 50 VDC
Added Member To Class: ClassName=SelfDrivingCar_SCH_MotorDriver Member=Component C28 470 nF, 50 VDC
Added Member To Class: ClassName=SelfDrivingCar_SCH_MotorDriver Member=Component C29 470 nF, 50 VDC
Added Member To Class: ClassName=SelfDrivingCar_SCH_MotorDriver Member=Component C30 100 nF, 16 VDC
Added Member To Class: ClassName=SelfDrivingCar_SCH_MotorDriver Member=Component C31 100 nF, 16 VDC
Added Member To Class: ClassName=SelfDrivingCar_SCH_MotorDriver Member=Component C32 47uF, 35V
Added Member To Class: ClassName=SelfDrivingCar_SCH_Others Member=Component C34 1 pF, 50 VDC
Added Member To Class: ClassName=SelfDrivingCar_SCH_Others Member=Component C35 1 pF, 50 VDC
Added Member To Class: ClassName=SelfDrivingCar_SCH_Others Member=Component C36 1 pF, 50 VDC
Added Member To Class: ClassName=SelfDrivingCar_SCH_Others Member=Component C37 1 pF, 50 VDC
Added Member To Class: ClassName=SelfDrivingCar_SCH_BatteryReport Member=Component C38 1 uF, 16 VDC
Added Member To Class: ClassName=SelfDrivingCar_SCH_BatteryReport Member=Component C39 10 nF, 50 VDC
Added Member To Class: ClassName=SelfDrivingCar_SCH_STM32F103C8T6 Member=Component P4 61300311121
Added Member To Class: ClassName=SelfDrivingCar_SCH_Others Member=Component P6 Header 4
