Added Component: Designator=U4(STM32F103C8T6)
Add component (AddParameter): Name = "ComponentLink1Description"; Value = "Datasheet"; VariantName = "[No Variations]"
Add component (AddParameter): Name = "ComponentLink1URL"; Value = "https://www.mouser.com/datasheet/2/389/stm32f103c8-1851025.pdf"; VariantName = "[No Variations]"
Add component (AddParameter): Name = "ComponentLink2Description"; Value = "Supplier 1 URL"; VariantName = "[No Variations]"
Add component (AddParameter): Name = "ComponentLink2URL"; Value = "https://www.mouser.com/ProductDetail/STMicroelectronics/STM32F103C8T6?qs=bhCVus9SdFtq6kqxsU5%2FDA%3D%3D"; VariantName = "[No Variations]"
Add component (AddParameter): Name = "ComponentLink3Description"; Value = "Supplier 2 URL"; VariantName = "[No Variations]"
Add component (AddParameter): Name = "ComponentLink3URL"; Value = "497-17666-2-ND"; VariantName = "[No Variations]"
Add component (AddParameter): Name = "ComponentLink4Description"; Value = "Supplier 3 URL"; VariantName = "[No Variations]"
Add component (AddParameter): Name = "ComponentLink4URL"; Value = "https://www.thegioiic.com/stm32f103c8t6-32-bit-arm-cortex-m3-microcontroller-72mhz-64kb-flash-48-lqfp"; VariantName = "[No Variations]"
Add component (AddParameter): Name = "Footprint name"; Value = "LQFP48"; VariantName = "[No Variations]"
Add component (AddParameter): Name = "Manufacture SN"; Value = "STM32F103C8T6TR"; VariantName = "[No Variations]"
Add component (AddParameter): Name = "Manufacturer"; Value = "STM"; VariantName = "[No Variations]"
Add component (AddParameter): Name = "Pad count"; Value = "48"; VariantName = "[No Variations]"
Add component (AddParameter): Name = "Part Number"; Value = "STM32F103C8T6"; VariantName = "[No Variations]"
Add component (AddParameter): Name = "Supplier 1 Name"; Value = "Mouser"; VariantName = "[No Variations]"
Add component (AddParameter): Name = "Supplier 1 SN"; Value = "511-STM32F103C8T6"; VariantName = "[No Variations]"
Add component (AddParameter): Name = "Supplier 1 URL"; Value = "https://www.mouser.com/ProductDetail/STMicroelectronics/STM32F103C8T6?qs=bhCVus9SdFtq6kqxsU5%2FDA%3D%3D"; VariantName = "[No Variations]"
Add component (AddParameter): Name = "Supplier 2 Name"; Value = "Digi-Key"; VariantName = "[No Variations]"
Add component (AddParameter): Name = "Supplier 2 SN"; Value = "497-17666-2-ND"; VariantName = "[No Variations]"
Add component (AddParameter): Name = "Supplier 2 URL"; Value = "https://www.digikey.com/en/products/detail/stmicroelectronics/stm32f103c8t6tr/2122442"; VariantName = "[No Variations]"
Add component (AddParameter): Name = "Supplier 3 Name"; Value = "thegioiic"; VariantName = "[No Variations]"
Add component (AddParameter): Name = "Supplier 3 SN"; Value = "STM32F103C8T6"; VariantName = "[No Variations]"
Add component (AddParameter): Name = "Supplier 3 URL"; Value = "https://www.thegioiic.com/stm32f103c8t6-32-bit-arm-cortex-m3-microcontroller-72mhz-64kb-flash-48-lqfp"; VariantName = "[No Variations]"
Add component (AddParameter): Name = "Value"; Value = "STM32F103C8T6"; VariantName = "[No Variations]"
Added Pin To Net: NetName=+3.3 Pin=U4-1
Added Pin To Net: NetName=PC13 Pin=U4-2
Added Pin To Net: NetName=OSC_IN Pin=U4-5
Added Pin To Net: NetName=OSC_OUT Pin=U4-6
Added Pin To Net: NetName=NRST Pin=U4-7
Added Pin To Net: NetName=GND Pin=U4-8
Added Pin To Net: NetName=+3.3 Pin=U4-9
Added Pin To Net: NetName=NetC36_1 Pin=U4-10
Added Pin To Net: NetName=NetP5_2 Pin=U4-12
Added Pin To Net: NetName=NetP5_3 Pin=U4-13
Added Pin To Net: NetName=PA5 Pin=U4-15
Added Pin To Net: NetName=NetP4_2 Pin=U4-16
Added Pin To Net: NetName=NetP4_3 Pin=U4-17
Added Pin To Net: NetName=BOOT1 Pin=U4-20
Added Pin To Net: NetName=GND Pin=U4-23
Added Pin To Net: NetName=+3.3 Pin=U4-24
Added Pin To Net: NetName=NetR47_2 Pin=U4-25
Added Pin To Net: NetName=NetR45_2 Pin=U4-26
Added Pin To Net: NetName=NetR43_2 Pin=U4-27
Added Pin To Net: NetName=NetR30_2 Pin=U4-29
Added Pin To Net: NetName=NetR28_2 Pin=U4-30
Added Pin To Net: NetName=PA6 Pin=U4-31
Added Pin To Net: NetName=PA11 Pin=U4-32
Added Pin To Net: NetName=PA12 Pin=U4-33
Added Pin To Net: NetName=SWDIO Pin=U4-34
Added Pin To Net: NetName=GND Pin=U4-35
Added Pin To Net: NetName=+3.3 Pin=U4-36
Added Pin To Net: NetName=SWCLK Pin=U4-37
Added Pin To Net: NetName=NetR38_2 Pin=U4-38
Added Pin To Net: NetName=NetR37_2 Pin=U4-39
Added Pin To Net: NetName=NetP6_3 Pin=U4-42
Added Pin To Net: NetName=NetP6_2 Pin=U4-43
Added Pin To Net: NetName=BOOT0 Pin=U4-44
Added Pin To Net: NetName=GND Pin=U4-47
Added Pin To Net: NetName=+3.3 Pin=U4-48
Added Member To Class: ClassName=SelfDrivingCar_SCH_STM32F103C8T6 Member=Component U4 STM32F103C8T6
