Removed Pin From Net: NetName=GND Pin=C28-1
Removed Pin From Net: NetName=+12 Pin=C28-2
Removed Pin From Net: NetName=GND Pin=C29-1
Removed Pin From Net: NetName=+12 Pin=C29-2
Removed Pin From Net: NetName=GND Pin=C30-1
Removed Pin From Net: NetName=+12 Pin=C30-2
Removed Pin From Net: NetName=GND Pin=C31-1
Removed Pin From Net: NetName=+12 Pin=C31-2
Removed Pin From Net: NetName=+12 Pin=C34-1
Removed Pin From Net: NetName=GND Pin=C34-2
Removed Pin From Net: NetName=+12 Pin=C35-1
Removed Pin From Net: NetName=GND Pin=C35-2
Removed Pin From Net: NetName=OUT3 Pin=U6-4
Removed Pin From Net: NetName=OUT3 Pin=U6-8
Removed Member From Class: ClassName=SelfDrivingCar_SCH_MotorDriver Member=C30
Removed Member From Class: ClassName=SelfDrivingCar_SCH_MotorDriver Member=C31
Removed Member From Class: ClassName=SelfDrivingCar_SCH_MotorDriver Member=C34
Removed Member From Class: ClassName=SelfDrivingCar_SCH_MotorDriver Member=C35
Change Component Footprint: Designator=C28 Old Footprint=CAP_0805 New Footprint=C SMD ALU (B)
Change Component Footprint: Designator=C29 Old Footprint=CAP_0805 New Footprint=C SMD ALU (B)
Change Component Comment : Designator=C28 Old Comment=470 nF, 50 VDC New Comment=470uF
Change Component Comment : Designator=C29 Old Comment=470 nF, 50 VDC New Comment=470uF
Change component parameters: Designator = "C28" ("C28"); Footprint = "CAP_0805"; UniqueID = "\KCLKVRVQ" ("\KCLKVRVQ")
Change component parameters (AddParameter): Name = "BRAND"; Value = ""; VariantName = "[No Variations]"
Change component parameters (AddParameter): Name = "ComponentLink1Description"; Value = "URL"; VariantName = "[No Variations]"
Change component parameters (AddParameter): Name = "ComponentLink1URL"; Value = "https://www.thegioiic.com/tu-nhom-smd-470uf-35v-10x10-5mm"; VariantName = "[No Variations]"
Change component parameters (AddParameter): Name = "PACKAGE"; Value = ""; VariantName = "[No Variations]"
Change component parameters (AddParameter): Name = "PART NO"; Value = ""; VariantName = "[No Variations]"
Change component parameters (AddParameter): Name = "STOCK CODE"; Value = ""; VariantName = "[No Variations]"
Change component parameters (AddParameter): Name = "SUPPLIER"; Value = ""; VariantName = "[No Variations]"
Change component parameters (AddParameter): Name = "TYPE"; Value = ""; VariantName = "[No Variations]"
Change component parameters: Designator = "C29" ("C29"); Footprint = "CAP_0805"; UniqueID = "\YEDUDYOJ" ("\YEDUDYOJ")
Change component parameters (AddParameter): Name = "BRAND"; Value = ""; VariantName = "[No Variations]"
Change component parameters (AddParameter): Name = "ComponentLink1Description"; Value = "URL"; VariantName = "[No Variations]"
Change component parameters (AddParameter): Name = "ComponentLink1URL"; Value = "https://www.thegioiic.com/tu-nhom-smd-470uf-35v-10x10-5mm"; VariantName = "[No Variations]"
Change component parameters (AddParameter): Name = "PACKAGE"; Value = ""; VariantName = "[No Variations]"
Change component parameters (AddParameter): Name = "PART NO"; Value = ""; VariantName = "[No Variations]"
Change component parameters (AddParameter): Name = "STOCK CODE"; Value = ""; VariantName = "[No Variations]"
Change component parameters (AddParameter): Name = "SUPPLIER"; Value = ""; VariantName = "[No Variations]"
Change component parameters (AddParameter): Name = "TYPE"; Value = ""; VariantName = "[No Variations]"
Added Pin To Net: NetName=+12 Pin=C28-1
Added Pin To Net: NetName=GND Pin=C28-2
Added Pin To Net: NetName=+12 Pin=C29-1
Added Pin To Net: NetName=GND Pin=C29-2
Change Net Name : Old Net Name=+12 New Net Name=VS_LEFT
Added Pin To Net: NetName=NetU6_4 Pin=U6-4
Added Pin To Net: NetName=NetU6_4 Pin=U6-8
Added Net: Name=NetU6_4
Added Member To Class: ClassName=SelfDrivingCar_SCH_PowerBoard Member=Component D2 Blue, 3.2V
Added Member To Class: ClassName=SelfDrivingCar_SCH_PowerBoard Member=Component D4 Blue, 3.2V
Added Member To Class: ClassName=SelfDrivingCar_SCH_PowerBoard Member=Component D6 SS54
Added Member To Class: ClassName=SelfDrivingCar_SCH_Others Member=Component P5 Header 4
