Removed Pin From Net: NetName=+3.3 Pin=C11-2
Removed Pin From Net: NetName=+3.3 Pin=C12-2
Removed Pin From Net: NetName=VCC Pin=F1-1
Removed Pin From Net: NetName=+3.3 Pin=P2-1
Removed Pin From Net: NetName=+3.3 Pin=U4-1
Removed Pin From Net: NetName=+3.3 Pin=U4-9
Removed Pin From Net: NetName=+3.3 Pin=U4-24
Removed Pin From Net: NetName=+3.3 Pin=U4-36
Removed Pin From Net: NetName=+3.3 Pin=U4-48
Removed Pin From Net: NetName=+3.3 Pin=U9-4
Removed Pin From Net: NetName=+3.3 Pin=U10-4
Removed Pin From Net: NetName=+3.3 Pin=U11-4
Removed Pin From Net: NetName=+3.3 Pin=U12-4
Change Component Footprint: Designator=F1 Old Footprint=Fuse_SMD_1812 New Footprint=FuseRUEF400
Change Component Footprint: Designator=SW1 Old Footprint=WS-TASV_L6W3.8H2.5_4341x10258x6 New Footprint=Button
Change Component Comment : Designator=F1 Old Comment=16V, 2.5A New Comment=30V 4A
Change Component Comment : Designator=SW1 Old Comment=434111025826 New Comment=?
Change component parameters: Designator = "F1" ("F1"); Footprint = "Fuse_SMD_1812"; UniqueID = "\PTGJQERC" ("\PTGJQERC")
Change component parameters: Designator = "SW1" ("SW1"); Footprint = "WS-TASV_L6W3.8H2.5_4341x10258x6"; UniqueID = "\BTMYDYUV" ("\BTMYDYUV")
Change component parameters (AddParameter): Name = "ComponentLink1Description"; Value = "URL"; VariantName = "[No Variations]"
Change component parameters (AddParameter): Name = "ComponentLink1URL"; Value = "https://www.thegioiic.com/nut-nhan-3x4mm-cao-2-5mm-2-chan-smd"; VariantName = "[No Variations]"
Added Component: Designator=P7(61300311121)
Add component (AddParameter): Name = "ComponentLink1Description"; Value = "Manufacturer"; VariantName = "[No Variations]"
Add component (AddParameter): Name = "ComponentLink1URL"; Value = "http://www.we-online.de"; VariantName = "[No Variations]"
Add component (AddParameter): Name = "ComponentLink2Description"; Value = "Datasheet"; VariantName = "[No Variations]"
Add component (AddParameter): Name = "ComponentLink2URL"; Value = "https://www.we-online.com/catalog/datasheet/61300311121.pdf"; VariantName = "[No Variations]"
Add component (AddParameter): Name = "ComponentLink3Description"; Value = "Global Supply"; VariantName = "[No Variations]"
Add component (AddParameter): Name = "ComponentLink3URL"; Value = "https://www.mouser.vn/ProductDetail/Wurth-Elektronik/61300311121?qs=PhR8RmCirEYxRWFJzNKsUw%3D%3D"; VariantName = "[No Variations]"
Add component (AddParameter): Name = "Contact Resistance"; Value = "20mOhm"; VariantName = "[No Variations]"
Add component (AddParameter): Name = "Gender"; Value = "Pin Header"; VariantName = "[No Variations]"
Add component (AddParameter): Name = "Manufacturer"; Value = "Wurth Elektronik"; VariantName = "[No Variations]"
Add component (AddParameter): Name = "Manufacturer Part Number"; Value = "61300311121"; VariantName = "[No Variations]"
Add component (AddParameter): Name = "Mounting Technology"; Value = "THT"; VariantName = "[No Variations]"
Add component (AddParameter): Name = "Operating Temperature"; Value = "-40 to +105degC"; VariantName = "[No Variations]"
Add component (AddParameter): Name = "Orientation"; Value = "Vertical"; VariantName = "[No Variations]"
Add component (AddParameter): Name = "Packaging"; Value = "Bag"; VariantName = "[No Variations]"
Add component (AddParameter): Name = "Pin Number"; Value = "3"; VariantName = "[No Variations]"
Add component (AddParameter): Name = "Pitch"; Value = "2.54mm"; VariantName = "[No Variations]"
Add component (AddParameter): Name = "Published Date"; Value = "May 2020"; VariantName = "[No Variations]"
Add component (AddParameter): Name = "Rated Current"; Value = "3A"; VariantName = "[No Variations]"
Add component (AddParameter): Name = "Row Number"; Value = "Single"; VariantName = "[No Variations]"
Add component (AddParameter): Name = "Supplier 1 Name"; Value = "Mouser"; VariantName = "[No Variations]"
Add component (AddParameter): Name = "Supplier 1 SN"; Value = "710-61300311121"; VariantName = "[No Variations]"
Add component (AddParameter): Name = "Supplier 1 URL"; Value = "https://www.mouser.vn/ProductDetail/Wurth-Elektronik/61300311121?qs=PhR8RmCirEYxRWFJzNKsUw%3D%3D"; VariantName = "[No Variations]"
Add component (AddParameter): Name = "Supplier 2 Name"; Value = "Digi-Key"; VariantName = "[No Variations]"
Add component (AddParameter): Name = "Supplier 2 SN"; Value = "N/A"; VariantName = "[No Variations]"
Add component (AddParameter): Name = "Supplier 2 URL"; Value = "N/A"; VariantName = "[No Variations]"
Add component (AddParameter): Name = "Supplier 3 Name"; Value = "thegioiic"; VariantName = "[No Variations]"
Add component (AddParameter): Name = "Supplier 3 SN"; Value = "N/A"; VariantName = "[No Variations]"
Add component (AddParameter): Name = "Supplier 3 URL"; Value = "N/A"; VariantName = "[No Variations]"
Add component (AddParameter): Name = "Supply Name 1"; Value = "Mouser"; VariantName = "[No Variations]"
Add component (AddParameter): Name = "Withstanding Voltage"; Value = "500VAC"; VariantName = "[No Variations]"
Add component (AddParameter): Name = "Working Voltage"; Value = "250VAC"; VariantName = "[No Variations]"
Added Pin To Net: NetName=VCC Pin=F1-2
Added Pin To Net: NetName=+3.3 Pin=P7-3
Added Pin To Net: NetName=+5 Pin=U9-4
Added Pin To Net: NetName=+5 Pin=U10-4
Added Pin To Net: NetName=+5 Pin=U11-4
Added Pin To Net: NetName=+5 Pin=U12-4
Added Pin To Net: NetName=3V3_STLink Pin=C11-2
Added Pin To Net: NetName=3V3_STLink Pin=C12-2
Added Pin To Net: NetName=3V3_STLink Pin=P2-1
Added Net: Name=3V3_STLink
Added Pin To Net: NetName=3V3_STM Pin=U4-1
Added Pin To Net: NetName=3V3_STM Pin=U4-9
Added Pin To Net: NetName=3V3_STM Pin=U4-24
Added Pin To Net: NetName=3V3_STM Pin=U4-36
Added Pin To Net: NetName=3V3_STM Pin=U4-48
Added Net: Name=3V3_STM
Added Pin To Net: NetName=NetF1_1 Pin=F1-1
Added Pin To Net: NetName=NetF1_1 Pin=P1-2
Added Net: Name=NetF1_1
Added Member To Class: ClassName=SelfDrivingCar_SCH_STM32F103C8T6 Member=Component P7 61300311121
