Removed Pin From Net: NetName=NetR25_2 Pin=U4-29
Removed Pin From Net: NetName=NetR26_2 Pin=U4-38
Added Pin To Net: NetName=NetR26_2 Pin=U4-29
Added Pin To Net: NetName=NetR25_2 Pin=U4-38
Added Member To Class: ClassName=SelfDrivingCar_SCH_Others Member=Component C36 1 pF, 50 VDC
Added Member To Class: ClassName=SelfDrivingCar_SCH_Others Member=Component D11 SS54
Added Member To Class: ClassName=SelfDrivingCar_SCH_Others Member=Component Q2 MMBTA42
Added Member To Class: ClassName=SelfDrivingCar_SCH_STM32F103C8T6 Member=Component R17 10 KOhm, 1/4 W
Added Member To Class: ClassName=SelfDrivingCar_SCH_STM32F103C8T6 Member=Component R18 10 KOhm, 1/4 W
Added Member To Class: ClassName=SelfDrivingCar_SCH_MotorDriver Member=Component R20 10 KOhm, 1/4 W
Added Member To Class: ClassName=SelfDrivingCar_SCH_MotorDriver Member=Component R21 10 KOhm, 1/4 W
Added Member To Class: ClassName=SelfDrivingCar_SCH_MotorDriver Member=Component R22 10 KOhm, 1/4 W
Added Member To Class: ClassName=SelfDrivingCar_SCH_Others Member=Component R25 200 Ohm, 1/4 W
Added Member To Class: ClassName=SelfDrivingCar_SCH_Others Member=Component R27 150 Ohm, 1/4 W
Added Member To Class: ClassName=SelfDrivingCar_SCH_Others Member=Component R29 10 KOhm, 1/4 W
Added Member To Class: ClassName=SelfDrivingCar_SCH_Others Member=Component R31 10K
Added Member To Class: ClassName=SelfDrivingCar_SCH_Others Member=Component R32 10 KOhm, 1/4 W
Added Member To Class: ClassName=SelfDrivingCar_SCH_Others Member=Component R33 10K
Added Member To Class: ClassName=SelfDrivingCar_SCH_Others Member=Component R34 3.3 KOhm, 1/4 W
Added Member To Class: ClassName=SelfDrivingCar_SCH_Others Member=Component U10 EL817S
