Removed Pin From Net: NetName=NetR43_2 Pin=U4-41
Removed Pin From Net: NetName=NetR45_2 Pin=U4-42
Removed Pin From Net: NetName=NetR47_2 Pin=U4-43
Change Component Footprint: Designator=P5 Old Footprint=HDR/Header/4 New Footprint=62000411722
Change Component Comment : Designator=P5 Old Comment=Header 4 New Comment=2A, 125V(AC)
Change component parameters: Designator = "P5" ("P5"); Footprint = "HDR/Header/4"; UniqueID = "\ESATIAXY" ("\ESATIAXY")
Change component parameters (AddParameter): Name = "ComponentLink1Description"; Value = "Manufacturer"; VariantName = "[No Variations]"
Change component parameters (AddParameter): Name = "ComponentLink1URL"; Value = "http://www.we-online.de"; VariantName = "[No Variations]"
Change component parameters (AddParameter): Name = "ComponentLink2Description"; Value = "Datasheet"; VariantName = "[No Variations]"
Change component parameters (AddParameter): Name = "ComponentLink2URL"; Value = "https://www.we-online.com/catalog/datasheet/62000411722.pdf"; VariantName = "[No Variations]"
Change component parameters (AddParameter): Name = "ComponentLink3Description"; Value = "Global Supply"; VariantName = "[No Variations]"
Change component parameters (AddParameter): Name = "ComponentLink3URL"; Value = "https://www.we-online.com/en/components/products/WTB_2_00_MALE_HORIZONTAL_SHROUDED_HEADER_6200XX11722?sq=62000411722#62000411722"; VariantName = "[No Variations]"
Change component parameters (AddParameter): Name = "ComponentLink4Description"; Value = "Global Supply"; VariantName = "[No Variations]"
Change component parameters (AddParameter): Name = "ComponentLink4URL"; Value = "https://www.mouser.vn/ProductDetail/Wurth-Elektronik/62000411722?qs=ulEaXIWI0c%2FFrQs6mYW8Wg%3D%3D"; VariantName = "[No Variations]"
Change component parameters (AddParameter): Name = "Contact Resistance"; Value = "20mOhm"; VariantName = "[No Variations]"
Change component parameters (AddParameter): Name = "Gender"; Value = "Male"; VariantName = "[No Variations]"
Change component parameters (AddParameter): Name = "Mounting Technology"; Value = "THT"; VariantName = "[No Variations]"
Change component parameters (AddParameter): Name = "Operating Temperature"; Value = "-25 to +85degC"; VariantName = "[No Variations]"
Change component parameters (AddParameter): Name = "Packaging"; Value = "Bag"; VariantName = "[No Variations]"
Change component parameters (AddParameter): Name = "Part Number"; Value = "62000411722"; VariantName = "[No Variations]"
Change component parameters (AddParameter): Name = "Pin Number"; Value = "4"; VariantName = "[No Variations]"
Change component parameters (AddParameter): Name = "Pitch"; Value = "2mm"; VariantName = "[No Variations]"
Change component parameters (AddParameter): Name = "Published Date"; Value = "January 2020"; VariantName = "[No Variations]"
Change component parameters (AddParameter): Name = "Publisher"; Value = "Wurth Elektronik"; VariantName = "[No Variations]"
Change component parameters (AddParameter): Name = "Rated Current"; Value = "2A"; VariantName = "[No Variations]"
Change component parameters (AddParameter): Name = "Supplier 1 Name"; Value = "Mouser"; VariantName = "[No Variations]"
Change component parameters (AddParameter): Name = "Supplier 1 SN"; Value = "710-62000411722"; VariantName = "[No Variations]"
Change component parameters (AddParameter): Name = "Supplier 1 URL"; Value = "https://www.mouser.vn/ProductDetail/Wurth-Elektronik/62000411722?qs=ulEaXIWI0c%2FFrQs6mYW8Wg%3D%3D"; VariantName = "[No Variations]"
Change component parameters (AddParameter): Name = "Supplier 2 Name"; Value = "Digi-Key"; VariantName = "[No Variations]"
Change component parameters (AddParameter): Name = "Supplier 2 SN"; Value = "N/A"; VariantName = "[No Variations]"
Change component parameters (AddParameter): Name = "Supplier 2 URL"; Value = "N/A"; VariantName = "[No Variations]"
Change component parameters (AddParameter): Name = "Supplier 3 Name"; Value = "thegioiic"; VariantName = "[No Variations]"
Change component parameters (AddParameter): Name = "Supplier 3 SN"; Value = "N/A"; VariantName = "[No Variations]"
Change component parameters (AddParameter): Name = "Supplier 3 URL"; Value = "N/A"; VariantName = "[No Variations]"
Change component parameters (AddParameter): Name = "Type"; Value = "Horizontal"; VariantName = "[No Variations]"
Change component parameters (AddParameter): Name = "Value"; Value = "2A, 125V(AC)"; VariantName = "[No Variations]"
Change component parameters (AddParameter): Name = "Withstanding Voltage"; Value = "800VAC"; VariantName = "[No Variations]"
Change component parameters (AddParameter): Name = "Working Voltage"; Value = "125VAC"; VariantName = "[No Variations]"
Added Component: Designator=P6(62000411722)
Add component (AddParameter): Name = "ComponentLink1Description"; Value = "Manufacturer"; VariantName = "[No Variations]"
Add component (AddParameter): Name = "ComponentLink1URL"; Value = "http://www.we-online.de"; VariantName = "[No Variations]"
Add component (AddParameter): Name = "ComponentLink2Description"; Value = "Datasheet"; VariantName = "[No Variations]"
Add component (AddParameter): Name = "ComponentLink2URL"; Value = "https://www.we-online.com/catalog/datasheet/62000411722.pdf"; VariantName = "[No Variations]"
Add component (AddParameter): Name = "ComponentLink3Description"; Value = "Global Supply"; VariantName = "[No Variations]"
Add component (AddParameter): Name = "ComponentLink3URL"; Value = "https://www.we-online.com/en/components/products/WTB_2_00_MALE_HORIZONTAL_SHROUDED_HEADER_6200XX11722?sq=62000411722#62000411722"; VariantName = "[No Variations]"
Add component (AddParameter): Name = "ComponentLink4Description"; Value = "Global Supply"; VariantName = "[No Variations]"
Add component (AddParameter): Name = "ComponentLink4URL"; Value = "https://www.mouser.vn/ProductDetail/Wurth-Elektronik/62000411722?qs=ulEaXIWI0c%2FFrQs6mYW8Wg%3D%3D"; VariantName = "[No Variations]"
Add component (AddParameter): Name = "Contact Resistance"; Value = "20mOhm"; VariantName = "[No Variations]"
Add component (AddParameter): Name = "Gender"; Value = "Male"; VariantName = "[No Variations]"
Add component (AddParameter): Name = "Mounting Technology"; Value = "THT"; VariantName = "[No Variations]"
Add component (AddParameter): Name = "Operating Temperature"; Value = "-25 to +85degC"; VariantName = "[No Variations]"
Add component (AddParameter): Name = "Packaging"; Value = "Bag"; VariantName = "[No Variations]"
Add component (AddParameter): Name = "Part Number"; Value = "62000411722"; VariantName = "[No Variations]"
Add component (AddParameter): Name = "Pin Number"; Value = "4"; VariantName = "[No Variations]"
Add component (AddParameter): Name = "Pitch"; Value = "2mm"; VariantName = "[No Variations]"
Add component (AddParameter): Name = "Published Date"; Value = "January 2020"; VariantName = "[No Variations]"
Add component (AddParameter): Name = "Publisher"; Value = "Wurth Elektronik"; VariantName = "[No Variations]"
Add component (AddParameter): Name = "Rated Current"; Value = "2A"; VariantName = "[No Variations]"
Add component (AddParameter): Name = "Supplier 1 Name"; Value = "Mouser"; VariantName = "[No Variations]"
Add component (AddParameter): Name = "Supplier 1 SN"; Value = "710-62000411722"; VariantName = "[No Variations]"
Add component (AddParameter): Name = "Supplier 1 URL"; Value = "https://www.mouser.vn/ProductDetail/Wurth-Elektronik/62000411722?qs=ulEaXIWI0c%2FFrQs6mYW8Wg%3D%3D"; VariantName = "[No Variations]"
Add component (AddParameter): Name = "Supplier 2 Name"; Value = "Digi-Key"; VariantName = "[No Variations]"
Add component (AddParameter): Name = "Supplier 2 SN"; Value = "N/A"; VariantName = "[No Variations]"
Add component (AddParameter): Name = "Supplier 2 URL"; Value = "N/A"; VariantName = "[No Variations]"
Add component (AddParameter): Name = "Supplier 3 Name"; Value = "thegioiic"; VariantName = "[No Variations]"
Add component (AddParameter): Name = "Supplier 3 SN"; Value = "N/A"; VariantName = "[No Variations]"
Add component (AddParameter): Name = "Supplier 3 URL"; Value = "N/A"; VariantName = "[No Variations]"
Add component (AddParameter): Name = "Type"; Value = "Horizontal"; VariantName = "[No Variations]"
Add component (AddParameter): Name = "Value"; Value = "2A, 125V(AC)"; VariantName = "[No Variations]"
Add component (AddParameter): Name = "Withstanding Voltage"; Value = "800VAC"; VariantName = "[No Variations]"
Add component (AddParameter): Name = "Working Voltage"; Value = "125VAC"; VariantName = "[No Variations]"
Added Pin To Net: NetName=GND Pin=P6-1
Added Pin To Net: NetName=+5 Pin=P6-4
Added Pin To Net: NetName=NetR47_2 Pin=U4-25
Added Pin To Net: NetName=NetR45_2 Pin=U4-26
Added Pin To Net: NetName=NetR43_2 Pin=U4-27
Added Pin To Net: NetName=NetP6_2 Pin=P6-2
Added Pin To Net: NetName=NetP6_2 Pin=U4-43
Added Net: Name=NetP6_2
Added Pin To Net: NetName=NetP6_3 Pin=P6-3
Added Pin To Net: NetName=NetP6_3 Pin=U4-42
Added Net: Name=NetP6_3
Added Member To Class: ClassName=SelfDrivingCar_SCH_STM32F103C8T6 Member=Component C11 10 uF, 16 VDC
Added Member To Class: ClassName=SelfDrivingCar_SCH_STM32F103C8T6 Member=Component C12 100 nF, 16 VDC
Added Member To Class: ClassName=SelfDrivingCar_SCH_STM32F103C8T6 Member=Component C13 100 nF, 16 VDC
Added Member To Class: ClassName=SelfDrivingCar_SCH_STM32F103C8T6 Member=Component C14 22 pF, 50 VDC
Added Member To Class: ClassName=SelfDrivingCar_SCH_STM32F103C8T6 Member=Component C15 22 pF, 50 VDC
Added Member To Class: ClassName=SelfDrivingCar_SCH_STM32F103C8T6 Member=Component C16 4.7 uF, 10 VDC
Added Member To Class: ClassName=SelfDrivingCar_SCH_STM32F103C8T6 Member=Component C17 100 nF, 16 VDC
Added Member To Class: ClassName=SelfDrivingCar_SCH_STM32F103C8T6 Member=Component C18 100 nF, 16 VDC
Added Member To Class: ClassName=SelfDrivingCar_SCH_STM32F103C8T6 Member=Component C19 100 nF, 16 VDC
Added Member To Class: ClassName=SelfDrivingCar_SCH_STM32F103C8T6 Member=Component C20 100 nF, 16 VDC
Added Member To Class: ClassName=SelfDrivingCar_SCH_STM32F103C8T6 Member=Component C21 100 nF, 16 VDC
Added Member To Class: ClassName=SelfDrivingCar_SCH_STM32F103C8T6 Member=Component C22 10 nF, 50 VDC
Added Member To Class: ClassName=SelfDrivingCar_SCH_STM32F103C8T6 Member=Component C23 1 uF, 16 VDC
Added Member To Class: ClassName=SelfDrivingCar_SCH_STM32F103C8T6 Member=Component D8 Green, 3.2V
Added Member To Class: ClassName=SelfDrivingCar_SCH_STM32F103C8T6 Member=Component D9 Red, 2V
Added Member To Class: ClassName=SelfDrivingCar_SCH_STM32F103C8T6 Member=Component P2 61300411121
Added Member To Class: ClassName=SelfDrivingCar_SCH_STM32F103C8T6 Member=Component P3 61300621121
Added Member To Class: ClassName=SelfDrivingCar_SCH_Others Member=Component P6 2A, 125V(AC)
Added Member To Class: ClassName=SelfDrivingCar_SCH_STM32F103C8T6 Member=Component R10 10K
Added Member To Class: ClassName=SelfDrivingCar_SCH_STM32F103C8T6 Member=Component R11 10K
Added Member To Class: ClassName=SelfDrivingCar_SCH_STM32F103C8T6 Member=Component R12 10 KOhm, 1/4 W
Added Member To Class: ClassName=SelfDrivingCar_SCH_STM32F103C8T6 Member=Component R13 10 KOhm, 1/4 W
Added Member To Class: ClassName=SelfDrivingCar_SCH_STM32F103C8T6 Member=Component R14 10 KOhm, 1/4 W
Added Member To Class: ClassName=SelfDrivingCar_SCH_STM32F103C8T6 Member=Component R15 10 KOhm, 1/4 W
Added Member To Class: ClassName=SelfDrivingCar_SCH_STM32F103C8T6 Member=Component R16 10 KOhm, 1/4 W
Added Member To Class: ClassName=SelfDrivingCar_SCH_STM32F103C8T6 Member=Component R17 10 KOhm, 1/4 W
Added Member To Class: ClassName=SelfDrivingCar_SCH_STM32F103C8T6 Member=Component R18 10 KOhm, 1/4 W
Added Member To Class: ClassName=SelfDrivingCar_SCH_STM32F103C8T6 Member=Component R19 10 KOhm, 1/4 W
Added Member To Class: ClassName=SelfDrivingCar_SCH_STM32F103C8T6 Member=Component R20 10 KOhm, 1/4 W
Added Member To Class: ClassName=SelfDrivingCar_SCH_STM32F103C8T6 Member=Component R21 10 KOhm, 1/4 W
Added Member To Class: ClassName=SelfDrivingCar_SCH_STM32F103C8T6 Member=Component R22 10 KOhm, 1/4 W
Added Member To Class: ClassName=SelfDrivingCar_SCH_STM32F103C8T6 Member=Component SW1 434111025826
Added Member To Class: ClassName=SelfDrivingCar_SCH_STM32F103C8T6 Member=Component U4 STM32F103C8T6
Added Member To Class: ClassName=SelfDrivingCar_SCH_STM32F103C8T6 Member=Component Y1 8MHz
