Added Component: Designator=*(EL817S)
Added Component: Designator=C1(CAP_0603)
Added Component: Designator=C2(TANTALUM SMD A)
Added Component: Designator=C3(TANTALUM SMD A)
Added Component: Designator=C4(WCAP-ASLI_D10H10.5)
Added Component: Designator=C5(WCAP-ASLI_D6.3H7.7)
Added Component: Designator=C6(CAP_0603)
Added Component: Designator=C7(C 0805)
Added Component: Designator=C8(C SMD ALU (B))
Added Component: Designator=C9(C SMD ALU (B))
Added Component: Designator=C10(C 0805)
Added Component: Designator=C11(CAP_0603)
Added Component: Designator=C12(CAP_0603)
Added Component: Designator=C13(CAP_0603)
Added Component: Designator=C14(CAP_0603)
Added Component: Designator=C15(CAP_0603)
Added Component: Designator=C16(CAP_0603)
Added Component: Designator=C17(CAP_0603)
Added Component: Designator=C18(CAP_0603)
Added Component: Designator=C19(CAP_0603)
Added Component: Designator=C20(CAP_0603)
Added Component: Designator=C21(CAP_0603)
Added Component: Designator=C22(CAP_0603)
Added Component: Designator=C23(CAP_0603)
Added Component: Designator=C24(CAP_0603)
Added Component: Designator=C25(CAP_0603)
Added Component: Designator=C26(CAP_0805)
Added Component: Designator=C27(CAP_0805)
Added Component: Designator=C28(CAP_0805)
Added Component: Designator=C29(CAP_0805)
Added Component: Designator=C30(CAP_0603)
Added Component: Designator=C31(CAP_0603)
Added Component: Designator=C32(WCAP-ASLI_D6.3H5.5)
Added Component: Designator=C33(WCAP-ASLI_D6.3H5.5)
Added Component: Designator=C34(CAP_0603)
Added Component: Designator=C35(CAP_0603)
Added Component: Designator=C36(CAP_0603)
Added Component: Designator=C37(CAP_0603)
Added Component: Designator=C38(CAP_0603)
Added Component: Designator=C39(CAP_0603)
Added Component: Designator=D1(DO-214AC (SMA))
Added Component: Designator=D2(DO-214AC (SMA))
Added Component: Designator=D3(WL-SMCW_0805)
Added Component: Designator=D4(WL-SMCW_0805)
Added Component: Designator=D5(WL-SMCW_0805)
Added Component: Designator=D6(WL-SMCW_0805)
Added Component: Designator=D7(DO-214AC (SMA))
Added Component: Designator=D8(WL-SMCW_0603_H=0.7mm)
Added Component: Designator=D9(WL-SMCW_0603_H=0.7mm)
Added Component: Designator=D10(DO-214AC (SMA))
Added Component: Designator=D11(DO-214AC (SMA))
Added Component: Designator=D12(DO-214AC (SMA))
Added Component: Designator=D13(DO-214AC (SMA))
Added Component: Designator=D14(SOD123)
Added Component: Designator=F1(Fuse_SMD_1812)
Added Component: Designator=H1(SCREW/3.2/7.0/M)
Added Component: Designator=H2(SCREW/3.2/7.0/M)
Added Component: Designator=H3(SCREW/3.2/7.0/M)
Added Component: Designator=H4(SCREW/3.2/7.0/M)
Added Component: Designator=J1(Power_Hole_2mm_THT)
Added Component: Designator=J2(691213710002)
Added Component: Designator=J3(691213710002)
Added Component: Designator=L1(Inductor SMD 12x12x8)
Added Component: Designator=L2(Inductor SMD 12x12x8)
Added Component: Designator=P1(HDR/Terminal/2/3.5mm)
Added Component: Designator=P2(61300411121)
Added Component: Designator=P3(61300621121)
Added Component: Designator=P4(HDR/Header/4)
Added Component: Designator=P5(62000411722)
Added Component: Designator=Q1(MMBT-SOT23)
Added Component: Designator=Q2(MMBT-SOT23)
Added Component: Designator=Q3(MMBT-SOT23)
Added Component: Designator=Q4(MMBT-SOT23)
Added Component: Designator=R1(R 0603)
Added Component: Designator=R2(R 0603)
Added Component: Designator=R3(resistor_0603)
Added Component: Designator=R4(R 0603)
Added Component: Designator=R5(R 0603)
Added Component: Designator=R6(R 0603)
Added Component: Designator=R7(R 0603)
Added Component: Designator=R8(R 0603)
Added Component: Designator=R9(R 0603)
Added Component: Designator=R10(R 0603)
Added Component: Designator=R11(R 0603)
Added Component: Designator=R12(resistor_0603)
Added Component: Designator=R13(resistor_0603)
Added Component: Designator=R14(resistor_0603)
Added Component: Designator=R15(resistor_0603)
Added Component: Designator=R16(resistor_0603)
Added Component: Designator=R17(resistor_0603)
Added Component: Designator=R18(resistor_0603)
Added Component: Designator=R19(resistor_0603)
Added Component: Designator=R20(resistor_0603)
Added Component: Designator=R21(resistor_0603)
Added Component: Designator=R22(resistor_0603)
Added Component: Designator=R23(resistor_0603)
Added Component: Designator=R24(resistor_0603)
Added Component: Designator=R25(resistor_0603)
Added Component: Designator=R26(resistor_0603)
Added Component: Designator=R27(resistor_0603)
Added Component: Designator=R28(resistor_0603)
Added Component: Designator=R29(resistor_0603)
Added Component: Designator=R30(resistor_0603)
Added Component: Designator=R31(resistor_0603)
Added Component: Designator=R32(resistor_0603)
Added Component: Designator=R33(resistor_0603)
Added Component: Designator=R34(resistor_0603)
Added Component: Designator=R35(resistor_0603)
Added Component: Designator=R36(resistor_0603)
Added Component: Designator=R37(resistor_0603)
Added Component: Designator=R38(resistor_0603)
Added Component: Designator=R39(resistor_0603)
Added Component: Designator=R40(resistor_0603)
Added Component: Designator=R41(resistor_0603)
Added Component: Designator=R42(resistor_0603)
Added Component: Designator=SW1(WS-TASV_L6W3.8H2.5_4341x10258x6)
Added Component: Designator=TP1(TP_1_5mm_SMD)
Added Component: Designator=TP2(TP_1_5mm_SMD)
Added Component: Designator=TP3(TP_1_5mm_SMD)
Added Component: Designator=TP4(TP_1_5mm_SMD)
Added Component: Designator=TP5(TP_1_5mm_SMD)
Added Component: Designator=U1(SOT-223)
Added Component: Designator=U2(TO-263-5)
Added Component: Designator=U3(STM32F103C8T6)
Added Component: Designator=U4(P-TO-263-7)
Added Component: Designator=U5(P-TO-263-7)
Added Component: Designator=U6(P-TO-263-7)
Added Component: Designator=U7(P-TO-263-7)
Added Component: Designator=U8(EL817S)
Added Component: Designator=U9(EL817S)
Added Component: Designator=U10(EL817S)
Added Component: Designator=U11(EL817S)
Added Component: Designator=U12(XL6009)
Added Component: Designator=Y1(Crystal SMD 4PIN 32x25)
Added Component: Designator=Y2(Crystal 3215)
Added Net: Name=+3.3
Added Net: Name=+5
Added Net: Name=+11.1
Added Net: Name=+12
Added Net: Name=BOOT0
Added Net: Name=BOOT1
Added Net: Name=GND
Added Net: Name=NetC7_2
Added Net: Name=NetC34_1
Added Net: Name=NetC35_1
Added Net: Name=NetC36_1
Added Net: Name=NetC37_1
Added Net: Name=NetC38_1
Added Net: Name=NetD1_1
Added Net: Name=NetD3_2
Added Net: Name=NetD4_2
Added Net: Name=NetD5_2
Added Net: Name=NetD6_2
Added Net: Name=NetD7_2
Added Net: Name=NetD8_2
Added Net: Name=NetD9_2
Added Net: Name=NetD10_1
Added Net: Name=NetD11_1
Added Net: Name=NetD12_1
Added Net: Name=NetD13_1
Added Net: Name=NetF1_0
Added Net: Name=NetJ1_1
Added Net: Name=NetP3_1
Added Net: Name=NetP3_2
Added Net: Name=NetP3_5
Added Net: Name=NetP3_6
Added Net: Name=NetP4_2
Added Net: Name=NetP4_3
Added Net: Name=NetP5_2
Added Net: Name=NetP5_3
Added Net: Name=NetQ1_2
Added Net: Name=NetQ2_2
Added Net: Name=NetQ3_2
Added Net: Name=NetQ4_2
Added Net: Name=NetR1_1
Added Net: Name=NetR3_1
Added Net: Name=NetR8_2
Added Net: Name=NetR12_2
Added Net: Name=NetR13_1
Added Net: Name=NetR19_1
Added Net: Name=NetR20_1
Added Net: Name=NetR21_1
Added Net: Name=NetR22_1
Added Net: Name=NetR35_1
Added Net: Name=NetR35_2
Added Net: Name=NetR36_1
Added Net: Name=NetR36_2
Added Net: Name=NetR37_1
Added Net: Name=NetR37_2
Added Net: Name=NetR38_1
Added Net: Name=NetR38_2
Added Net: Name=NetR39_1
Added Net: Name=NetR40_1
Added Net: Name=NetR41_1
Added Net: Name=NetR42_1
Added Net: Name=NRST
Added Net: Name=OSC32_IN
Added Net: Name=OSC32_OUT
Added Net: Name=OSC_IN
Added Net: Name=OSC_OUT
Added Net: Name=OUT1
Added Net: Name=OUT2
Added Net: Name=OUT3
Added Net: Name=OUT4
Added Net: Name=PA5
Added Net: Name=PA6
Added Net: Name=PC13
Added Net: Name=SWCLK
Added Net: Name=SWDIO
Added Class: Name=SelfDrivingCar_SCH_MotorDriver
Added Class: Name=SelfDrivingCar_SCH_Others
Added Class: Name=SelfDrivingCar_SCH_PowerBoard
Added Class: Name=SelfDrivingCar_SCH_STM32F103C8T6
